<?xml version="1.0" encoding="UTF-8"?>
<!-- Generated by org.testng.reporters.JUnitReportReporter -->
<testsuite hostname="DESKTOP-A11BB6J" failures="0" tests="1" name="Test.HomePageTest" time="12.825" errors="0" timestamp="2022-06-14T12:25:16 IST" skipped="0">
  <testcase classname="Test.HomePageTest" name="LoginWithValidCredentials" time="12.825"/>
  <system-out/>
</testsuite> <!-- Test.HomePageTest -->
